<?xml version="1.0" encoding="UTF-8"?>
<!-- Generated by org.testng.reporters.JUnitReportReporter -->
<testsuite hostname="dineshkila" failures="0" tests="1" name="com.nopCommerce.testcases.HomePageTest" time="70.975" errors="0" timestamp="06 Jan 2023 10:00:45 GMT" skipped="0">
  <testcase classname="com.nopCommerce.testcases.HomePageTest" name="HomePageTest" time="70.975"/>
</testsuite> <!-- com.nopCommerce.testcases.HomePageTest -->
