<?xml version="1.0" encoding="UTF-8"?>
<!-- Generated by org.testng.reporters.JUnitReportReporter -->
<testsuite hostname="dineshkila" failures="0" tests="1" name="com.nopCommerce.testcases.ShoppingCartPageTest" time="14.833" errors="0" timestamp="06 Jan 2023 09:05:38 GMT" skipped="0">
  <testcase classname="com.nopCommerce.testcases.ShoppingCartPageTest" name="ShoppingCartTest" time="14.833"/>
</testsuite> <!-- com.nopCommerce.testcases.ShoppingCartPageTest -->
