<?xml version="1.0" encoding="UTF-8"?>
<!-- Generated by org.testng.reporters.JUnitReportReporter -->
<testsuite skipped="1" hostname="dineshkila" name="com.nopCommerce.testcases.TC_RegisterDDT_001" tests="1" failures="0" timestamp="17 Jan 2023 10:38:14 GMT" time="0.000" errors="0">
  <testcase name="registerDDT" time="0.000" classname="com.nopCommerce.testcases.TC_RegisterDDT_001">
    <skipped/>
  </testcase> <!-- registerDDT -->
</testsuite> <!-- com.nopCommerce.testcases.TC_RegisterDDT_001 -->
