<?xml version="1.0" encoding="UTF-8"?>
<!-- Generated by org.testng.reporters.JUnitReportReporter -->
<testsuite hostname="dineshkila" failures="0" tests="1" name="com.nopCommerce.testcases.RegisterPageTest" time="25.644" errors="0" timestamp="04 Jan 2023 11:32:14 GMT" skipped="0">
  <testcase classname="com.nopCommerce.testcases.RegisterPageTest" name="Register" time="25.644"/>
</testsuite> <!-- com.nopCommerce.testcases.RegisterPageTest -->
