<?xml version="1.0" encoding="UTF-8"?>
<!-- Generated by org.testng.reporters.JUnitReportReporter -->
<testsuite hostname="dineshkila" failures="0" tests="2" name="com.nopCommerce.testcases.IndexPageTest" time="0.284" errors="0" timestamp="05 Jan 2023 09:29:01 GMT" skipped="0">
  <testcase classname="com.nopCommerce.testcases.IndexPageTest" name="verifySearchBox" time="0.081"/>
  <testcase classname="com.nopCommerce.testcases.IndexPageTest" name="verifyNopLogo" time="0.203"/>
</testsuite> <!-- com.nopCommerce.testcases.IndexPageTest -->
