<?xml version="1.0" encoding="UTF-8"?>
<!-- Generated by org.testng.reporters.JUnitReportReporter -->
<testsuite hostname="dineshkila" failures="0" tests="1" name="com.nopCommerce.testcases.ElectronicsPageTest" time="17.103" errors="0" timestamp="05 Jan 2023 10:34:30 GMT" skipped="0">
  <testcase classname="com.nopCommerce.testcases.ElectronicsPageTest" name="FindElectronicsTest" time="17.103"/>
</testsuite> <!-- com.nopCommerce.testcases.ElectronicsPageTest -->
